[debug] [2022-10-11T01:05:28.071Z] ----------------------------------------------------------------------
[debug] [2022-10-11T01:05:28.072Z] Command:       C:\Program Files\nodejs\node.exe C:\Users\guill\AppData\Roaming\npm\node_modules\firebase-tools\lib\bin\firebase.js init
[debug] [2022-10-11T01:05:28.073Z] CLI Version:   11.14.1
[debug] [2022-10-11T01:05:28.073Z] Platform:      win32
[debug] [2022-10-11T01:05:28.073Z] Node Version:  v16.16.0
[debug] [2022-10-11T01:05:28.074Z] Time:          Mon Oct 10 2022 22:05:28 GMT-0300 (hora estándar de Argentina)
[debug] [2022-10-11T01:05:28.074Z] ----------------------------------------------------------------------
[debug] 
[debug] [2022-10-11T01:05:28.139Z] > command requires scopes: ["email","openid","https://www.googleapis.com/auth/cloudplatformprojects.readonly","https://www.googleapis.com/auth/firebase","https://www.googleapis.com/auth/cloud-platform"]
[debug] [2022-10-11T01:05:28.139Z] > authorizing via signed-in user (guillermo.arena@gmail.com)
[info] 
     ######## #### ########  ######## ########     ###     ######  ########
     ##        ##  ##     ## ##       ##     ##  ##   ##  ##       ##
     ######    ##  ########  ######   ########  #########  ######  ######
     ##        ##  ##    ##  ##       ##     ## ##     ##       ## ##
     ##       #### ##     ## ######## ########  ##     ##  ######  ########

You're about to initialize a Firebase project in this directory:

  C:\Users\guill\OneDrive\Escritorio\practicoIntegrador\frontendgdaProd\frontendgdap

Before we get started, keep in mind:

  * You are initializing within an existing Firebase project directory

[info] 
=== Project Setup
[info] 
[info] First, let's associate this project directory with a Firebase project.
[info] You can create multiple project aliases by running firebase use --add, 
[info] but for now we'll just set up a default project.
[info] 
[debug] [2022-10-11T01:05:35.951Z] Using project from CLI flag: frontendgdap
[debug] [2022-10-11T01:05:35.953Z] >>> [apiv2][query] GET https://firebase.googleapis.com/v1beta1/projects/frontendgdap [none]
[debug] [2022-10-11T01:05:36.385Z] <<< [apiv2][status] GET https://firebase.googleapis.com/v1beta1/projects/frontendgdap 200
[debug] [2022-10-11T01:05:36.385Z] <<< [apiv2][body] GET https://firebase.googleapis.com/v1beta1/projects/frontendgdap {"projectId":"frontendgdap","projectNumber":"497806406281","displayName":"frontendgdaP","name":"projects/frontendgdap","resources":{"hostingSite":"frontendgdap"},"state":"DELETED","etag":"1_b2c180b3-a5d9-4128-a5a5-6f96de29c48a"}
[info] i  Using project frontendgdap (frontendgdaP) 
[info] 
=== Hosting Setup
[info] 
[info] Your public directory is the folder (relative to your project directory) that
[info] will contain Hosting assets to be uploaded with firebase deploy. If you
[info] have a build process for your assets, use your build's output directory.
[info] 
[debug] [2022-10-11T01:05:58.416Z] >>> [apiv2][query] GET https://www.gstatic.com/firebasejs/releases.json [none]
[debug] [2022-10-11T01:05:58.546Z] <<< [apiv2][status] GET https://www.gstatic.com/firebasejs/releases.json 200
[debug] [2022-10-11T01:05:58.547Z] <<< [apiv2][body] GET https://www.gstatic.com/firebasejs/releases.json {"current":{"version":"9.11.0","browserURL":"https://www.gstatic.com/firebasejs/9.11.0/firebase.js","packageURL":"https://www.gstatic.com/firebasejs/9.11.0/firebase.tgz"},"live":{"version":"9.11","browserURL":"https://www.gstatic.com/firebasejs/live/9.11/firebase.js","packageURL":"https://www.gstatic.com/firebasejs/live/9.11/firebase.tgz"},"components":{"analytics":"https://www.gstatic.com/firebasejs/9.11.0/firebase-analytics.js","app":"https://www.gstatic.com/firebasejs/9.11.0/firebase-app.js","app-check":"https://www.gstatic.com/firebasejs/9.11.0/firebase-app-check.js","auth":"https://www.gstatic.com/firebasejs/9.11.0/firebase-auth.js","auth/cordova":"https://www.gstatic.com/firebasejs/9.11.0/firebase-auth/cordova.js","auth/react-native":"https://www.gstatic.com/firebasejs/9.11.0/firebase-auth/react-native.js","functions":"https://www.gstatic.com/firebasejs/9.11.0/firebase-functions.js","firestore":"https://www.gstatic.com/firebasejs/9.11.0/firebase-firestore.js","firestore/lite":"https://www.gstatic.com/firebasejs/9.11.0/firebase-firestore/lite.js","installations":"https://www.gstatic.com/firebasejs/9.11.0/firebase-installations.js","storage":"https://www.gstatic.com/firebasejs/9.11.0/firebase-storage.js","performance":"https://www.gstatic.com/firebasejs/9.11.0/firebase-performance.js","remote-config":"https://www.gstatic.com/firebasejs/9.11.0/firebase-remote-config.js","messaging":"https://www.gstatic.com/firebasejs/9.11.0/firebase-messaging.js","messaging/sw":"https://www.gstatic.com/firebasejs/9.11.0/firebase-messaging/sw.js","database":"https://www.gstatic.com/firebasejs/9.11.0/firebase-database.js","firestore.memory":"https://www.gstatic.com/firebasejs/9.11.0/firebase-firestore.memory.js"}}
[info] +  Wrote y/index.html 
[info] 
[info] i  Detected a .git folder at C:\Users\guill\OneDrive\Escritorio\practicoIntegrador\frontendgdaProd 
[info] i  Authorizing with GitHub to upload your service account to a GitHub repository's secrets store. 
[info] 
[info] Visit this URL on this device to log in:
[info] https://github.com/login/oauth/authorize?client_id=89cf50f02ac6aaed3484&state=29635922&redirect_uri=http%3A%2F%2Flocalhost%3A9005&scope=read%3Auser%20repo%20public_repo
[info] 
[info] Waiting for authentication...
[debug] [2022-10-11T01:06:14.047Z] >>> [apiv2][query] POST https://github.com/login/oauth/access_token [none]
[debug] [2022-10-11T01:06:14.047Z] >>> [apiv2][body] POST https://github.com/login/oauth/access_token [stream]
[debug] [2022-10-11T01:06:14.497Z] <<< [apiv2][status] POST https://github.com/login/oauth/access_token 200
[debug] [2022-10-11T01:06:14.497Z] <<< [apiv2][body] POST https://github.com/login/oauth/access_token {"access_token":"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","token_type":"bearer","scope":"read:user,repo"}
[debug] [2022-10-11T01:06:14.537Z] >>> [apiv2][query] GET https://api.github.com/user [none]
[debug] [2022-10-11T01:06:14.971Z] <<< [apiv2][status] GET https://api.github.com/user 200
[debug] [2022-10-11T01:06:14.971Z] <<< [apiv2][body] GET https://api.github.com/user {"login":"Guillermogrupo11","id":94935366,"node_id":"U_kgDOBaiZRg","avatar_url":"https://avatars.githubusercontent.com/u/94935366?v=4","gravatar_id":"","url":"https://api.github.com/users/Guillermogrupo11","html_url":"https://github.com/Guillermogrupo11","followers_url":"https://api.github.com/users/Guillermogrupo11/followers","following_url":"https://api.github.com/users/Guillermogrupo11/following{/other_user}","gists_url":"https://api.github.com/users/Guillermogrupo11/gists{/gist_id}","starred_url":"https://api.github.com/users/Guillermogrupo11/starred{/owner}{/repo}","subscriptions_url":"https://api.github.com/users/Guillermogrupo11/subscriptions","organizations_url":"https://api.github.com/users/Guillermogrupo11/orgs","repos_url":"https://api.github.com/users/Guillermogrupo11/repos","events_url":"https://api.github.com/users/Guillermogrupo11/events{/privacy}","received_events_url":"https://api.github.com/users/Guillermogrupo11/received_events","type":"User","site_admin":false,"name":null,"company":null,"blog":"","location":null,"email":null,"hireable":null,"bio":null,"twitter_username":null,"public_repos":61,"public_gists":0,"followers":0,"following":0,"created_at":"2021-11-23T21:43:43Z","updated_at":"2022-09-21T22:32:54Z","private_gists":0,"total_private_repos":6,"owned_private_repos":6,"disk_usage":257556,"collaborators":0,"two_factor_authentication":false,"plan":{"name":"free","space":976562499,"collaborators":0,"private_repos":10000}}
[info] 
[info] +  Success! Logged into GitHub as Guillermogrupo11 
[info] 
[debug] [2022-10-11T01:08:39.545Z] >>> [apiv2][query] GET https://api.github.com/repos//actions/secrets/public-key type=owner
[debug] [2022-10-11T01:08:39.895Z] <<< [apiv2][status] GET https://api.github.com/repos//actions/secrets/public-key 404
[debug] [2022-10-11T01:08:39.895Z] <<< [apiv2][body] GET https://api.github.com/repos//actions/secrets/public-key {"message":"Not Found","documentation_url":"https://docs.github.com/rest"}
